
markupgenerator: system execution failed.
Following is the set of recorded exceptions:

******************************** Thread exception *****************************
In thread           Root thread            0x0 (thread id)
*******************************************************************************
-------------------------------------------------------------------------------
Class / Object      Routine                Nature of exception           Effect
-------------------------------------------------------------------------------
LINKED_LIST         put @1                 writeable:                   
<00000000040F8688>  (From CHAIN)           Precondition violated.        Fail
-------------------------------------------------------------------------------
DOCUMENT            addchild @1                                         
<00000000040F8668>                         Routine failure.              Fail
-------------------------------------------------------------------------------
APPLICATION         make @3                                             
<00000000040F85A8>                         Routine failure.              Fail
-------------------------------------------------------------------------------
APPLICATION         root's creation                                     
<00000000040F85A8>                         Routine failure.              Exit
-------------------------------------------------------------------------------

markupgenerator: system execution failed.
Following is the set of recorded exceptions:

******************************** Thread exception *****************************
In thread           Root thread            0x0 (thread id)
*******************************************************************************
-------------------------------------------------------------------------------
Class / Object      Routine                Nature of exception           Effect
-------------------------------------------------------------------------------
PLAIN_TEXT_FILE     file_open              No such file or directory:   
<000000000638D0E8>  (From FILE)            Operating system error.       Fail
-------------------------------------------------------------------------------
PLAIN_TEXT_FILE     file_open                                           
<000000000638D0E8>  (From FILE)            Routine failure.              Fail
-------------------------------------------------------------------------------
PLAIN_TEXT_FILE     create_read_write @2                                
<000000000638D0E8>  (From FILE)            Routine failure.              Fail
-------------------------------------------------------------------------------
PLAIN_TEXT_FILE     make_create_read_write @4
<000000000638D0E8>  (From FILE)            Routine failure.              Fail
-------------------------------------------------------------------------------
FILEWRITER          write @1                                            
<000000000638D038>                         Routine failure.              Fail
-------------------------------------------------------------------------------
APPLICATION         make @21                                            
<000000000638C5A8>                         Routine failure.              Fail
-------------------------------------------------------------------------------
APPLICATION         root's creation                                     
<000000000638C5A8>                         Routine failure.              Exit
-------------------------------------------------------------------------------
